STEP to UG
! INFO-     NX STEP AP203 - V2412.8101
! INFO-      
! INFO-     Start of Translation: 4-MAY-2026  2:37:27 AM
! INFO-      
! STATUS-   Converting Part: C:\Users\autum\Downloads\6236K194_Roller Chain Sprocket.STEP
! SUMMARY-   
! SUMMARY-    STEP Header Information
! SUMMARY-   
! SUMMARY-  Description      STEP AP203
! SUMMARY-  Imp_Level        1
! SUMMARY-  File_Name        6236K194_Roller Chain Sprocket.STEP
! SUMMARY-  Date             2026-01-18T17:59:48
! SUMMARY-  Author           McMaster Carr Supply
! SUMMARY-  Organization     McMaster Carr Supply
! SUMMARY-  Pre_Version      SwSTEP 2.0
! SUMMARY-  Orig_System      SolidWorks 2024
! SUMMARY-  Authorization    Unknown
! SUMMARY-  Schema_ID        config_control_design
! SUMMARY-   
! SUMMARY-    Summary of STEP Entities
! SUMMARY-   
! SUMMARY-  Entity Type                                                   Count
! SUMMARY-  -----------                                                   ------
! SUMMARY-  advanced_face ..............................................:    522
! SUMMARY-  application_context ........................................:      2
! SUMMARY-  approval ...................................................:      3
! SUMMARY-  approval_date_time .........................................:      3
! SUMMARY-  approval_person_organization ...............................:      3
! SUMMARY-  approval_role ..............................................:      3
! SUMMARY-  approval_status ............................................:      3
! SUMMARY-  axis2_placement_3d .........................................:    790
! SUMMARY-  b_spline_curve_with_knots ..................................:    660
! SUMMARY-  b_spline_curve_with_knots_and_rational_b_spline_curve ......:    148
! SUMMARY-  b_spline_surface_with_knots_and_rational_b_spline_surface ..:     13
! SUMMARY-  calendar_date ..............................................:      3
! SUMMARY-  cartesian_point ............................................:  15427
! SUMMARY-  circle .....................................................:    280
! SUMMARY-  closed_shell ...............................................:      3
! SUMMARY-  conical_surface ............................................:    102
! SUMMARY-  conversion_based_unit_and_length_unit ......................:      1
! SUMMARY-  coordinated_universal_time_offset ..........................:      3
! SUMMARY-  cylindrical_surface ........................................:    311
! SUMMARY-  date_and_time ..............................................:      3
! SUMMARY-  dimensional_exponents ......................................:      1
! SUMMARY-  direction ..................................................:   2010
! SUMMARY-  edge_curve .................................................:   1518
! SUMMARY-  edge_loop ..................................................:    529
! SUMMARY-  face_bound .................................................:      7
! SUMMARY-  face_outer_bound ...........................................:    522
! SUMMARY-  geometric_representation_context_and_global_uncertainty_a ..:      1
! SUMMARY-  length_measure_with_unit ...................................:      1
! SUMMARY-  length_unit_and_si_unit ....................................:      1
! SUMMARY-  line .......................................................:    430
! SUMMARY-  local_time .................................................:      3
! SUMMARY-  manifold_solid_brep ........................................:      3
! SUMMARY-  organization ...............................................:      1
! SUMMARY-  oriented_edge ..............................................:   3036
! SUMMARY-  person .....................................................:      1
! SUMMARY-  person_and_organization ....................................:      3
! SUMMARY-  plane ......................................................:     96
! SUMMARY-  plane_angle_unit_and_si_unit ...............................:      1
! SUMMARY-  product ....................................................:      1
! SUMMARY-  product_context ............................................:      1
! SUMMARY-  product_definition .........................................:      1
! SUMMARY-  product_definition_context .................................:      1
! SUMMARY-  product_definition_formation_with_specified_source .........:      1
! SUMMARY-  product_definition_shape ...................................:      1
! SUMMARY-  product_related_product_category ...........................:      1
! SUMMARY-  si_unit_and_solid_angle_unit ...............................:      1
! SUMMARY-  uncertainty_measure_with_unit ..............................:      1
! SUMMARY-  vector .....................................................:    430
! SUMMARY-  vertex_point ...............................................:   1003
! SUMMARY-                                                               -------
! SUMMARY-  Total                                                          27889
! STATUS-    
! STATUS-   Converting to Output Form (Phase 2 of 3): 4-MAY-2026 2:37:27 AM
! STATUS-    
! STATUS-    
! STATUS-   Generating UG geometry and placing them in parts
! STATUS-    
! STATUS-   Creating the UG part (Phase 3 of 3): 4-MAY-2026  2:37:30 AM
! INFO-     Filing Part ..: C:\Users\autum\OneDrive\Documents\GitHub\AME308-HumanPoweredAirplane\6236K194_Roller Chain Sprocket.prt
! SUMMARY-   
! SUMMARY-  Summary of Unigraphics Part Entities
! SUMMARY-   
! SUMMARY-  Entities Processed             Count
! SUMMARY-  ------------------             -----
! SUMMARY-  Solid/Sheet .................:     3
! SUMMARY-                                 -----
! SUMMARY-  Total                              3
! INFO-      
! INFO-     Total number of solids input for this translation       :         3
! INFO-      
! INFO-     Number of solids created without body validation faults :         3
! INFO-      
! INFO-     Number of solids created with body validation fault(s)  :         0
! INFO-      
! INFO-     Number of solids ending up as sheet bodies              :         0
! INFO-      
! INFO-     End of Translation: 4-MAY-2026  2:37:35 AM
! INFO-      
